<?xml version="1.0" encoding="UTF-8"?>
<!-- Generated by org.testng.reporters.JUnitReportReporter -->
<testsuite hostname="Mds-MacBook-Pro.local" failures="0" tests="11" name="CustomerRegistrationpageFunctionality.CustomerRegistrationPage" time="624.508" errors="0" timestamp="2023-03-04T18:09:46 BDT" skipped="0">
  <testcase classname="CustomerRegistrationpageFunctionality.CustomerRegistrationPage" name="MoveToRegistrationPage" time="37.730"/>
  <system-out/>
  <testcase classname="CustomerRegistrationpageFunctionality.CustomerRegistrationPage" name="RegistrationWithoutCredentials" time="37.377"/>
  <system-out/>
  <testcase classname="CustomerRegistrationpageFunctionality.CustomerRegistrationPage" name="RegistrationUsingInvalidName" time="68.232"/>
  <system-out/>
  <testcase classname="CustomerRegistrationpageFunctionality.CustomerRegistrationPage" name="RegistrationUsingInvalidMobileNumber" time="58.910"/>
  <system-out/>
  <testcase classname="CustomerRegistrationpageFunctionality.CustomerRegistrationPage" name="RegistrationUsingInvalidPassword" time="75.352"/>
  <system-out/>
  <testcase classname="CustomerRegistrationpageFunctionality.CustomerRegistrationPage" name="RegistrationUsingInvalidEmail" time="63.079"/>
  <system-out/>
  <testcase classname="CustomerRegistrationpageFunctionality.CustomerRegistrationPage" name="RegistrationUsingAllValidCredentials" time="63.650"/>
  <system-out/>
  <testcase classname="CustomerRegistrationpageFunctionality.CustomerRegistrationPage" name="RegistrationUsingMandatoryCredentials" time="61.172"/>
  <system-out/>
  <testcase classname="CustomerRegistrationpageFunctionality.CustomerRegistrationPage" name="isSearchButtonDisplayed" time="48.595"/>
  <system-out/>
  <testcase classname="CustomerRegistrationpageFunctionality.CustomerRegistrationPage" name="isSearchButtonEnabled" time="59.777"/>
  <system-out/>
  <testcase classname="CustomerRegistrationpageFunctionality.CustomerRegistrationPage" name="RegistrationAgainWithSameCredentials" time="50.634"/>
  <system-out/>
</testsuite> <!-- CustomerRegistrationpageFunctionality.CustomerRegistrationPage -->
