<?xml version="1.0" encoding="UTF-8"?>
<!-- Generated by org.testng.reporters.JUnitReportReporter -->
<testsuite hostname="Mds-MacBook-Pro.local" failures="0" tests="7" name="CustomerLoginFunctionality.CustomerLogin" time="430.579" errors="0" timestamp="2023-03-04T18:09:46 BDT" skipped="0">
  <testcase classname="CustomerLoginFunctionality.CustomerLogin" name="MoveToRegistrationPage" time="26.662"/>
  <system-out/>
  <testcase classname="CustomerLoginFunctionality.CustomerLogin" name="HoverLoginButton" time="167.202"/>
  <system-out/>
  <testcase classname="CustomerLoginFunctionality.CustomerLogin" name="LoginValidCredentials" time="60.233"/>
  <system-out/>
  <testcase classname="CustomerLoginFunctionality.CustomerLogin" name="OneInvalidCredentials" time="33.713"/>
  <system-out/>
  <testcase classname="CustomerLoginFunctionality.CustomerLogin" name="LoginInvalidCredentials" time="31.729"/>
  <system-out/>
  <testcase classname="CustomerLoginFunctionality.CustomerLogin" name="NavigateBack" time="48.235"/>
  <system-out/>
  <testcase classname="CustomerLoginFunctionality.CustomerLogin" name="LogOut" time="62.805"/>
  <system-out/>
</testsuite> <!-- CustomerLoginFunctionality.CustomerLogin -->
