<?xml version="1.0" encoding="UTF-8"?>
<!-- Generated by org.testng.reporters.JUnitReportReporter -->
<testsuite hostname="Mds-MacBook-Pro.local" failures="0" tests="9" name="HomepageFunctionality.HomePage" time="309.060" errors="0" timestamp="2023-03-04T18:09:46 BDT" skipped="0">
  <testcase classname="HomepageFunctionality.HomePage" name="CheckTitle" time="22.352"/>
  <system-out/>
  <testcase classname="HomepageFunctionality.HomePage" name="VerifyLogo" time="28.993"/>
  <system-out/>
  <testcase classname="HomepageFunctionality.HomePage" name="CheckSearchBox" time="23.843"/>
  <system-out/>
  <testcase classname="HomepageFunctionality.HomePage" name="CheckProduct" time="25.274"/>
  <system-out/>
  <testcase classname="HomepageFunctionality.HomePage" name="isSearchButtonEnabled" time="21.392"/>
  <system-out/>
  <testcase classname="HomepageFunctionality.HomePage" name="SearchProduct" time="52.205"/>
  <system-out/>
  <testcase classname="HomepageFunctionality.HomePage" name="BackToHome" time="56.824"/>
  <system-out/>
  <testcase classname="HomepageFunctionality.HomePage" name="LanguageChange" time="31.552"/>
  <system-out/>
  <testcase classname="HomepageFunctionality.HomePage" name="ProductOrder" time="46.625"/>
  <system-out/>
</testsuite> <!-- HomepageFunctionality.HomePage -->
