<?xml version="1.0" encoding="UTF-8"?>
<!-- Generated by org.testng.reporters.JUnitReportReporter -->
<testsuite hostname="Mds-MacBook-Pro.local" failures="0" tests="11" name="XYZBank.Home" time="153.044" errors="0" timestamp="2023-02-18T23:24:57 BDT" skipped="0">
  <testcase classname="XYZBank.Home" name="launchedBrowser" time="14.900"/>
  <system-out/>
  <testcase classname="XYZBank.Home" name="checkTitle" time="11.820"/>
  <system-out/>
  <testcase classname="XYZBank.Home" name="checkUrl" time="12.083"/>
  <system-out/>
  <testcase classname="XYZBank.Home" name="isHomeButtonDisplayed" time="12.528"/>
  <system-out/>
  <testcase classname="XYZBank.Home" name="isHomeButtonEnabled" time="11.988"/>
  <system-out/>
  <testcase classname="XYZBank.Home" name="isCustomerLoginButtonDisplayed" time="11.849"/>
  <system-out/>
  <testcase classname="XYZBank.Home" name="isCustomerLoginButtonEnabled" time="9.657"/>
  <system-out/>
  <testcase classname="XYZBank.Home" name="isBankManagerLoginButtonDisplayed" time="12.083"/>
  <system-out/>
  <testcase classname="XYZBank.Home" name="isBankManagerLoginButtonEnabled" time="9.295"/>
  <system-out/>
  <testcase classname="XYZBank.Home" name="navigationBack" time="21.787"/>
  <system-out/>
  <testcase classname="XYZBank.Home" name="navigationForward" time="25.054"/>
  <system-out/>
</testsuite> <!-- XYZBank.Home -->
