<?xml version="1.0" encoding="UTF-8"?>
<!-- Generated by org.testng.reporters.JUnitReportReporter -->
<testsuite hostname="Mds-MacBook-Pro.local" failures="0" tests="16" name="XYZBank.CustomerLogin" time="491.250" errors="0" timestamp="2023-02-18T23:24:57 BDT" skipped="0">
  <testcase classname="XYZBank.CustomerLogin" name="launchedBrowser" time="17.611"/>
  <system-out/>
  <testcase classname="XYZBank.CustomerLogin" name="customerName" time="18.179"/>
  <system-out/>
  <testcase classname="XYZBank.CustomerLogin" name="userLogin" time="20.835"/>
  <system-out/>
  <testcase classname="XYZBank.CustomerLogin" name="isCustomerLoginSuccessfully" time="21.648"/>
  <system-out/>
  <testcase classname="XYZBank.CustomerLogin" name="selectCustomerAccount" time="21.270"/>
  <system-out/>
  <testcase classname="XYZBank.CustomerLogin" name="depositAmount" time="32.013"/>
  <system-out/>
  <testcase classname="XYZBank.CustomerLogin" name="amountCredited" time="30.922"/>
  <system-out/>
  <testcase classname="XYZBank.CustomerLogin" name="isDepositSuccessful" time="34.456"/>
  <system-out/>
  <testcase classname="XYZBank.CustomerLogin" name="withdrawAmount" time="34.208"/>
  <system-out/>
  <testcase classname="XYZBank.CustomerLogin" name="amountDebited" time="36.969"/>
  <system-out/>
  <testcase classname="XYZBank.CustomerLogin" name="isWithdrawSuccessful" time="47.373"/>
  <system-out/>
  <testcase classname="XYZBank.CustomerLogin" name="transactionList" time="51.689"/>
  <system-out/>
  <testcase classname="XYZBank.CustomerLogin" name="navigationBack" time="28.833"/>
  <system-out/>
  <testcase classname="XYZBank.CustomerLogin" name="navigationForward" time="32.437"/>
  <system-out/>
  <testcase classname="XYZBank.CustomerLogin" name="backToHome" time="30.661"/>
  <system-out/>
  <testcase classname="XYZBank.CustomerLogin" name="customerLogout" time="32.146"/>
  <system-out/>
</testsuite> <!-- XYZBank.CustomerLogin -->
