<?xml version="1.0" encoding="UTF-8"?>
<!-- Generated by org.testng.reporters.JUnitReportReporter -->
<testsuite hostname="Mds-MacBook-Pro.local" failures="0" tests="9" name="XYZBank.ManagerLogin" time="194.312" errors="0" timestamp="2023-02-18T23:24:57 BDT" skipped="0">
  <testcase classname="XYZBank.ManagerLogin" name="launchedBrowser" time="17.874"/>
  <system-out/>
  <testcase classname="XYZBank.ManagerLogin" name="addCustomer" time="25.977"/>
  <system-out/>
  <testcase classname="XYZBank.ManagerLogin" name="openAccount" time="37.443"/>
  <system-out/>
  <testcase classname="XYZBank.ManagerLogin" name="viewCustomers" time="15.146"/>
  <system-out/>
  <testcase classname="XYZBank.ManagerLogin" name="totalCustomer" time="18.194"/>
  <system-out/>
  <testcase classname="XYZBank.ManagerLogin" name="searchCustomerByAccount" time="18.466"/>
  <system-out/>
  <testcase classname="XYZBank.ManagerLogin" name="searchCustomerByFirstName" time="18.496"/>
  <system-out/>
  <testcase classname="XYZBank.ManagerLogin" name="searchCustomerByLastName" time="18.429"/>
  <system-out/>
  <testcase classname="XYZBank.ManagerLogin" name="deleteCustomer" time="24.287"/>
  <system-out/>
</testsuite> <!-- XYZBank.ManagerLogin -->
